<?xml version="1.0" encoding="UTF-8"?>
<!-- Generated by org.testng.reporters.JUnitReportReporter -->
<testsuite hostname="LAPTOP-FIQI111M" failures="0" tests="1" name="testCases.TC002_LoginTest" time="2.905" errors="0" timestamp="2025-02-10T02:36:33 IST" skipped="0">
  <testcase classname="testCases.TC002_LoginTest" name="verify_login" time="2.905"/>
</testsuite> <!-- testCases.TC002_LoginTest -->
