<?xml version="1.0" encoding="UTF-8"?>
<!-- Generated by org.testng.reporters.JUnitReportReporter -->
<testsuite hostname="LAPTOP-FIQI111M" failures="0" tests="1" name="testCases.TC002_LoginTest" time="2.338" errors="0" timestamp="2025-02-10T04:16:37 IST" skipped="0">
  <testcase classname="testCases.TC002_LoginTest" name="verify_login" time="2.338"/>
</testsuite> <!-- testCases.TC002_LoginTest -->
